2025-02-14 19:56:29 | INFO  | c.p.SpringBootConceptsApplication | Starting SpringBootConceptsApplication using Java 17.0.7 with PID 10944 (C:\Users\givanov\git\Web-Dev-Projects-Varied-Technologies\Spring-Boot-Concepts\target\classes started by givanov in C:\Users\givanov\git\Web-Dev-Projects-Varied-Technologies\Spring-Boot-Concepts)
2025-02-14 19:56:29 | INFO  | c.p.SpringBootConceptsApplication | No active profile set, falling back to 1 default profile: "default"
2025-02-14 19:56:32 | INFO  | o.s.b.w.e.tomcat.TomcatWebServer | Tomcat initialized with port 8080 (http)
2025-02-14 19:56:32 | INFO  | o.a.coyote.http11.Http11NioProtocol | Initializing ProtocolHandler ["http-nio-8080"]
2025-02-14 19:56:32 | INFO  | o.a.catalina.core.StandardService | Starting service [Tomcat]
2025-02-14 19:56:32 | INFO  | o.a.catalina.core.StandardEngine | Starting Servlet engine: [Apache Tomcat/10.1.34]
2025-02-14 19:56:32 | INFO  | o.a.c.c.C.[Tomcat].[localhost].[/] | Initializing Spring embedded WebApplicationContext
2025-02-14 19:56:32 | INFO  | o.s.b.w.s.c.ServletWebServerApplicationContext | Root WebApplicationContext: initialization completed in 2504 ms
2025-02-14 19:56:33 | INFO  | o.s.b.a.e.web.EndpointLinksResolver | Exposing 1 endpoint beneath base path '/actuator'
2025-02-14 19:56:33 | INFO  | o.a.coyote.http11.Http11NioProtocol | Starting ProtocolHandler ["http-nio-8080"]
2025-02-14 19:56:33 | INFO  | o.s.b.w.e.tomcat.TomcatWebServer | Tomcat started on port 8080 (http) with context path '/'
2025-02-14 19:56:33 | INFO  | c.p.SpringBootConceptsApplication | Started SpringBootConceptsApplication in 4.777 seconds (process running for 6.707)
2025-02-14 19:56:34 | INFO  | o.a.c.c.C.[Tomcat].[localhost].[/] | Initializing Spring DispatcherServlet 'dispatcherServlet'
2025-02-14 19:56:34 | INFO  | o.s.web.servlet.DispatcherServlet | Initializing Servlet 'dispatcherServlet'
2025-02-14 19:56:34 | INFO  | o.s.web.servlet.DispatcherServlet | Completed initialization in 3 ms
2025-02-14 19:56:44 | INFO  | c.p.controller.PaymentController | Incoming Payment Request | Method: creditcard | IP: 127.0.0.1 | Time: 2025-02-15T00:56:44.816518300Z
2025-02-14 19:56:44 | INFO  | c.p.service.PaymentService | Transaction ID: 5c99bd65-c0e7-4e77-87f9-212ef06320d7 | Payment Start | Method: CreditCardPaymentGateway | Time 2025-02-15T00:56:44.819761200Z
2025-02-14 19:56:44 | INFO  | c.p.service.PaymentService | Transaction ID: 5c99bd65-c0e7-4e77-87f9-212ef06320d7 | Payment Completed | Method CreditCardPaymentGateway | Time Taken: 0 ms
2025-02-14 19:57:45 | INFO  | c.p.controller.PaymentController | Incoming Payment Request | Method: bitcoin | IP: 127.0.0.1 | Time: 2025-02-15T00:57:45.659550500Z
2025-02-14 19:57:45 | WARN  | c.p.controller.PaymentController | Invalid Payment Method | MethodL bitcoin | IP: 127.0.0.1 | TIme: 2025-02-15T00:57:45.659550500Z
